<?xml version="1.0" encoding="UTF-8"?>
<testng-results skipped="0" failed="0" ignored="0" total="1" passed="1">
  <reporter-output>
  </reporter-output>
  <suite name="Default suite" duration-ms="13844" started-at="2020-01-29T08:07:02 PST" finished-at="2020-01-29T08:07:16 PST">
    <groups>
    </groups>
    <test name="Default test" duration-ms="13844" started-at="2020-01-29T08:07:02 PST" finished-at="2020-01-29T08:07:16 PST">
      <class name="seleniumpractise.Ajax">
        <test-method status="PASS" signature="Ajaxcall()[pri:0, instance:seleniumpractise.Ajax@50b494a6]" name="Ajaxcall" duration-ms="13712" started-at="2020-01-29T08:07:02 PST" finished-at="2020-01-29T08:07:16 PST">
          <reporter-output>
          </reporter-output>
        </test-method> <!-- Ajaxcall -->
      </class> <!-- seleniumpractise.Ajax -->
    </test> <!-- Default test -->
  </suite> <!-- Default suite -->
</testng-results>
